<?xml version="1.0" encoding="UTF-8"?>
<testng-results skipped="0" failed="0" total="1" passed="1">
  <reporter-output>
  </reporter-output>
  <suite name="Default suite" duration-ms="10655" started-at="2020-02-28T07:36:35Z" finished-at="2020-02-28T07:36:46Z">
    <groups>
    </groups>
    <test name="Default test" duration-ms="10655" started-at="2020-02-28T07:36:35Z" finished-at="2020-02-28T07:36:46Z">
      <class name="com.yieldstreet.qa.testcases.InventoryTest">
        <test-method status="PASS" signature="setUp()[pri:0, instance:com.yieldstreet.qa.testcases.InventoryTest@643b1d11]" name="setUp" is-config="true" duration-ms="2506" started-at="2020-02-28T02:36:35Z" finished-at="2020-02-28T02:36:38Z">
          <reporter-output>
          </reporter-output>
        </test-method> <!-- setUp -->
        <test-method status="PASS" signature="addBlackTShirt()[pri:0, instance:com.yieldstreet.qa.testcases.InventoryTest@643b1d11]" name="addBlackTShirt" duration-ms="8052" started-at="2020-02-28T02:36:38Z" finished-at="2020-02-28T02:36:46Z">
          <reporter-output>
          </reporter-output>
        </test-method> <!-- addBlackTShirt -->
        <test-method status="PASS" signature="tearDown()[pri:0, instance:com.yieldstreet.qa.testcases.InventoryTest@643b1d11]" name="tearDown" is-config="true" duration-ms="86" started-at="2020-02-28T02:36:46Z" finished-at="2020-02-28T02:36:46Z">
          <reporter-output>
          </reporter-output>
        </test-method> <!-- tearDown -->
      </class> <!-- com.yieldstreet.qa.testcases.InventoryTest -->
    </test> <!-- Default test -->
  </suite> <!-- Default suite -->
</testng-results>
