<?xml version="1.0" encoding="UTF-8"?>
<testng-results skipped="0" failed="0" ignored="0" total="1" passed="1">
  <reporter-output>
  </reporter-output>
  <suite name="Default suite" duration-ms="940" started-at="2020-02-28T07:42:55 EST" finished-at="2020-02-28T07:42:56 EST">
    <groups>
    </groups>
    <test name="Default test" duration-ms="940" started-at="2020-02-28T07:42:55 EST" finished-at="2020-02-28T07:42:56 EST">
      <class name="getRequest.GetData">
        <test-method status="PASS" signature="testResponsecode()[pri:0, instance:getRequest.GetData@478190fc]" name="testResponsecode" duration-ms="911" started-at="2020-02-28T07:42:55 EST" finished-at="2020-02-28T07:42:56 EST">
          <reporter-output>
          </reporter-output>
        </test-method> <!-- testResponsecode -->
      </class> <!-- getRequest.GetData -->
    </test> <!-- Default test -->
  </suite> <!-- Default suite -->
</testng-results>
